0 info it worked if it ends with ok
1 verbose cli [ 'C:\\Program Files\\nodejs\\\\node.exe',
1 verbose cli   'C:\\Program Files\\nodejs\\node_modules\\npm\\bin\\npm-cli.js',
1 verbose cli   'version',
1 verbose cli   'patch' ]
2 info using npm@1.2.32
3 info using node@v0.10.12
4 verbose node symlink C:\Program Files\nodejs\\node.exe
5 error Error: Git working directory not clean.
5 error M node_modules/shotgun/README.md
5 error M node_modules/shotgun/example/cmds/login.js
5 error M node_modules/shotgun/example/cmds/topic.js
5 error M node_modules/shotgun/index.js
5 error M node_modules/shotgun/package.json
5 error M node_modules/shotgun/test/fixtures/cmds/login.js
5 error M node_modules/shotgun/test/fixtures/cmds/topic.js
5 error M node_modules/shotgun/test/test.js
5 error     at C:\Program Files\nodejs\node_modules\npm\lib\version.js:97:35
5 error     at ChildProcess.exithandler (child_process.js:635:7)
5 error     at ChildProcess.EventEmitter.emit (events.js:98:17)
5 error     at maybeClose (child_process.js:735:16)
5 error     at Socket.<anonymous> (child_process.js:948:11)
5 error     at Socket.EventEmitter.emit (events.js:95:17)
5 error     at Pipe.close (net.js:466:12)
6 error If you need help, you may report this log at:
6 error     <http://github.com/isaacs/npm/issues>
6 error or email it to:
6 error     <npm-@googlegroups.com>
7 error System Windows_NT 6.2.9200
8 error command "C:\\Program Files\\nodejs\\\\node.exe" "C:\\Program Files\\nodejs\\node_modules\\npm\\bin\\npm-cli.js" "version" "patch"
9 error cwd c:\Code\CodeTunnel
10 error node -v v0.10.12
11 error npm -v 1.2.32
12 verbose exit [ 1, true ]
